<?xml version="1.0" encoding="UTF-8"?>
<!-- Generated by org.testng.reporters.JUnitXMLReporter -->
<testsuite ignored="0" hostname="LAPTOP-E5USAVKI" failures="0" tests="3" name="SystemTest" time="43.744" errors="0" timestamp="2023-11-02T14:33:45 IST">
  <testcase classname="CompareTwoProducts.DWS_Computer_06_Test" name="RemoveComparelist" time="6.69"/>
  <testcase classname="WishList.DWS_Wishlist_10_Test" name="removewishlist" time="3.416"/>
  <testcase classname="FilterPrice.DWS_Jewellary_07_Test" name="JewelryfilterPriceRange" time="1.557"/>
</testsuite> <!-- SystemTest -->
