<?xml version="1.0" encoding="UTF-8"?>
<!-- Generated by org.testng.reporters.JUnitXMLReporter -->
<testsuite ignored="3" hostname="LAPTOP-E5USAVKI" failures="0" tests="1" name="Test" time="15.578" errors="0" timestamp="2023-11-02T15:01:08 IST">
  <testcase classname="AddToCart.DWS_AddToCart_03_Test" name="Add_Product_to_AddtoCart" time="2.499"/>
  <testcase classname="AddToCart.DWS_Books_04_Test" name="Add_Books_Product_to_add_the_cart" time="0.0">
    <ignored/>
  </testcase> <!-- Add_Books_Product_to_add_the_cart -->
  <testcase classname="CompareTwoProducts.DWS_computer_05_Test" name="Comparetwoproducts" time="0.0">
    <ignored/>
  </testcase> <!-- Comparetwoproducts -->
  <testcase classname="WishList.DWS_Wishlist_09_Test" name="Product_addTo_Wishlist" time="0.0">
    <ignored/>
  </testcase> <!-- Product_addTo_Wishlist -->
</testsuite> <!-- Test -->
