<?xml version="1.0" encoding="UTF-8"?>
<testng-results ignored="0" total="1" passed="1" failed="0" skipped="0">
  <reporter-output>
  </reporter-output>
  <suite started-at="2023-11-04T15:26:30 IST" name="Failed suite [Default suite]" finished-at="2023-11-04T15:26:40 IST" duration-ms="10034">
    <groups>
      <group name="IT">
        <method signature="DWS_Books_04_Test.Add_Books_Product_to_add_the_cart()[pri:0, instance:AddToCart.DWS_Books_04_Test@4efac082]" name="Add_Books_Product_to_add_the_cart" class="AddToCart.DWS_Books_04_Test"/>
      </group> <!-- IT -->
    </groups>
    <test started-at="2023-11-04T15:26:30 IST" name="Default test(failed)" finished-at="2023-11-04T15:26:40 IST" duration-ms="10034">
      <class name="AddToCart.DWS_Books_04_Test">
        <test-method is-config="true" signature="LaunchingbrowsertoApplication()[pri:0, instance:AddToCart.DWS_Books_04_Test@4efac082]" started-at="2023-11-04T15:26:30 IST" name="LaunchingbrowsertoApplication" finished-at="2023-11-04T15:26:36 IST" duration-ms="5814" status="PASS">
          <reporter-output>
          </reporter-output>
        </test-method> <!-- LaunchingbrowsertoApplication -->
        <test-method is-config="true" signature="navigateLogainapp()[pri:0, instance:AddToCart.DWS_Books_04_Test@4efac082]" started-at="2023-11-04T15:26:36 IST" name="navigateLogainapp" finished-at="2023-11-04T15:26:36 IST" duration-ms="43" status="PASS">
          <reporter-output>
          </reporter-output>
        </test-method> <!-- navigateLogainapp -->
        <test-method signature="Add_Books_Product_to_add_the_cart()[pri:0, instance:AddToCart.DWS_Books_04_Test@4efac082]" started-at="2023-11-04T15:26:36 IST" name="Add_Books_Product_to_add_the_cart" finished-at="2023-11-04T15:26:40 IST" duration-ms="3505" status="PASS">
          <reporter-output>
          </reporter-output>
        </test-method> <!-- Add_Books_Product_to_add_the_cart -->
        <test-method is-config="true" signature="Logoutapp()[pri:0, instance:AddToCart.DWS_Books_04_Test@4efac082]" started-at="2023-11-04T15:26:40 IST" name="Logoutapp" finished-at="2023-11-04T15:26:40 IST" duration-ms="0" status="PASS">
          <reporter-output>
          </reporter-output>
        </test-method> <!-- Logoutapp -->
        <test-method is-config="true" signature="Teardownapp()[pri:0, instance:AddToCart.DWS_Books_04_Test@4efac082]" started-at="2023-11-04T15:26:40 IST" name="Teardownapp" finished-at="2023-11-04T15:26:40 IST" duration-ms="211" status="PASS">
          <reporter-output>
          </reporter-output>
        </test-method> <!-- Teardownapp -->
      </class> <!-- AddToCart.DWS_Books_04_Test -->
    </test> <!-- Default test(failed) -->
  </suite> <!-- Failed suite [Default suite] -->
</testng-results>
